\BOOKMARK [1][-]{section.1}{INTRODUCTION}{}% 1
\BOOKMARK [2][-]{subsection.1.1}{Problem Statement}{section.1}% 2
\BOOKMARK [2][-]{subsection.1.2}{Project Objectives}{section.1}% 3
\BOOKMARK [2][-]{subsection.1.3}{Stakeholders}{section.1}% 4
\BOOKMARK [2][-]{subsection.1.4}{Deliverables}{section.1}% 5
\BOOKMARK [1][-]{section.2}{Requirements Gathering}{}% 6
\BOOKMARK [2][-]{subsection.2.1}{Methodology}{section.2}% 7
\BOOKMARK [2][-]{subsection.2.2}{Purpose}{section.2}% 8
\BOOKMARK [2][-]{subsection.2.3}{Project Scope}{section.2}% 9
\BOOKMARK [2][-]{subsection.2.4}{List of Definitions and abbreviations}{section.2}% 10
\BOOKMARK [3][-]{subsubsection.2.4.1}{Definitions}{subsection.2.4}% 11
\BOOKMARK [3][-]{subsubsection.2.4.2}{Abbreviations}{subsection.2.4}% 12
\BOOKMARK [2][-]{subsection.2.5}{Tools used}{section.2}% 13
\BOOKMARK [2][-]{subsection.2.6}{Expanded Description of the project}{section.2}% 14
\BOOKMARK [2][-]{subsection.2.7}{Constraints }{section.2}% 15
\BOOKMARK [2][-]{subsection.2.8}{ER Diagrams }{section.2}% 16
\BOOKMARK [2][-]{subsection.2.9}{Hardware Specifications }{section.2}% 17
\BOOKMARK [1][-]{section.3}{Part A : Front-end}{}% 18
\BOOKMARK [2][-]{subsection.3.1}{Login page design}{section.3}% 19
\BOOKMARK [2][-]{subsection.3.2}{Student page design}{section.3}% 20
\BOOKMARK [2][-]{subsection.3.3}{Course Coordinator page design}{section.3}% 21
\BOOKMARK [2][-]{subsection.3.4}{Head of School/Administrator page design}{section.3}% 22
\BOOKMARK [2][-]{subsection.3.5}{Use case diagrams}{section.3}% 23
\BOOKMARK [3][-]{subsubsection.3.5.1}{Student Use-Case Report}{subsection.3.5}% 24
\BOOKMARK [3][-]{subsubsection.3.5.2}{Course Coordinator Use-Case Report}{subsection.3.5}% 25
\BOOKMARK [3][-]{subsubsection.3.5.3}{Administrator Use-Case Report}{subsection.3.5}% 26
\BOOKMARK [1][-]{section.4}{Sequence Diagram}{}% 27
\BOOKMARK [1][-]{section.5}{Part B : Back-End}{}% 28
\BOOKMARK [2][-]{subsection.5.1}{The Server}{section.5}% 29
\BOOKMARK [2][-]{subsection.5.2}{The Database}{section.5}% 30
\BOOKMARK [3][-]{subsubsection.5.2.1}{Database Design}{subsection.5.2}% 31
\BOOKMARK [2][-]{subsection.5.3}{The application\(Business model\)}{section.5}% 32
\BOOKMARK [3][-]{subsubsection.5.3.1}{Logging in}{subsection.5.3}% 33
\BOOKMARK [3][-]{subsubsection.5.3.2}{Student}{subsection.5.3}% 34
\BOOKMARK [3][-]{subsubsection.5.3.3}{School Administrator}{subsection.5.3}% 35
\BOOKMARK [1][-]{section.6}{Scrum Agile Method}{}% 36
\BOOKMARK [2][-]{subsection.6.1}{Sprint Planning }{section.6}% 37
\BOOKMARK [3][-]{subsubsection.6.1.1}{Gantt chart}{subsection.6.1}% 38
\BOOKMARK [3][-]{subsubsection.6.1.2}{Sprint Retrospective}{subsection.6.1}% 39
\BOOKMARK [1][-]{section.7}{Description of some relevant\(demonstrable\) module}{}% 40
\BOOKMARK [2][-]{subsection.7.1}{Login page}{section.7}% 41
\BOOKMARK [2][-]{subsection.7.2}{Student page}{section.7}% 42
\BOOKMARK [2][-]{subsection.7.3}{Course coordinator home page}{section.7}% 43
\BOOKMARK [1][-]{section.8}{Administrator page}{}% 44
\BOOKMARK [1][-]{section.9}{Conclusion}{}% 45
