This is pdfTeX, Version 3.14159265-2.6-1.40.16 (MiKTeX 2.9) (preloaded format=pdflatex 2016.1.6)  11 APR 2016 07:33
entering extended mode
**MainDocument.tex
(MainDocument.tex
LaTeX2e <2015/01/01> patch level 2
Babel <3.9m> and hyphenation patterns for 69 languages loaded.
(MainDocument.cls
Document Style `witseiepaper.cls' <2005/10/14>
Rev. 1.2.0
("C:\Program Files (x86)\MiKTeX 2.9\tex\latex\tools\rawfonts.sty"
Package: rawfonts 1994/05/08 Low-level LaTeX 2.09 font compatibility

("C:\Program Files (x86)\MiKTeX 2.9\tex\latex\tools\somedefs.sty"
Package: somedefs 1994/06/01 v0.03 Toolkit for optional definitions
)
LaTeX Font Info:    Try loading font information for U+lasy on input line 49.

("C:\Program Files (x86)\MiKTeX 2.9\tex\latex\base\ulasy.fd"
File: ulasy.fd 1998/08/17 v2.2e LaTeX symbol font definitions
))
("C:\Program Files (x86)\MiKTeX 2.9\tex\latex\base\oldlfont.sty"
Package: oldlfont 2014/09/29 v2.2k Standard LaTeX package

("C:\Program Files (x86)\MiKTeX 2.9\tex\latex\base\tracefnt.sty"
Package: tracefnt 2015/02/21 v3.0k Standard LaTeX package (font tracing)
\tracingfonts=\count79
LaTeX Info: Redefining \selectfont on input line 106.
)
\symbold=\mathgroup4
\symsans=\mathgroup5
\symtypewriter=\mathgroup6
\symitalic=\mathgroup7
\symsmallcaps=\mathgroup8
\symslanted=\mathgroup9
LaTeX Font Info:    Redeclaring math alphabet \mathbf on input line 76.
LaTeX Font Info:    Redeclaring math alphabet \mathsf on input line 77.
LaTeX Font Info:    Redeclaring math alphabet \mathtt on input line 78.
LaTeX Font Info:    Redeclaring math alphabet \mathit on input line 84.
LaTeX Info: Redefining \em on input line 94.

("C:\Program Files (x86)\MiKTeX 2.9\tex\latex\base\latexsym.sty"
Package: latexsym 1998/08/17 v2.2e Standard LaTeX package (lasy symbols)
\symlasy=\mathgroup10
LaTeX Font Info:    Overwriting symbol font `lasy' in version `bold'
(Font)                  U/lasy/m/n --> U/lasy/b/n on input line 52.
))
-- This is a 10 point document
\tmpitemindent=\dimen102
\c@section=\count80
\c@subsection=\count81
\c@subsubsection=\count82
\c@paragraph=\count83
\captionindent=\skip41
\c@figure=\count84
\c@table=\count85
) (KJN.sty
Package: KJN 2005/10/12 Additional packages, commands, etc for KJN

Document Style `KJN.sty' <2005/10/12>
Rev. 1.1.0
("C:\Program Files (x86)\MiKTeX 2.9\tex\generic\oberdiek\ifpdf.sty"
Package: ifpdf 2011/01/30 v2.3 Provides the ifpdf switch (HO)
Package ifpdf Info: pdfTeX in PDF mode is detected.
)
("C:\Program Files (x86)\MiKTeX 2.9\tex\latex\graphics\graphicx.sty"
Package: graphicx 2014/10/28 v1.0g Enhanced LaTeX Graphics (DPC,SPQR)

("C:\Program Files (x86)\MiKTeX 2.9\tex\latex\graphics\keyval.sty"
Package: keyval 2014/10/28 v1.15 key=value parser (DPC)
\KV@toks@=\toks14
)
("C:\Program Files (x86)\MiKTeX 2.9\tex\latex\graphics\graphics.sty"
Package: graphics 2014/10/28 v1.0p Standard LaTeX Graphics (DPC,SPQR)

("C:\Program Files (x86)\MiKTeX 2.9\tex\latex\graphics\trig.sty"
Package: trig 1999/03/16 v1.09 sin cos tan (DPC)
)
("C:\Program Files (x86)\MiKTeX 2.9\tex\latex\00miktex\graphics.cfg"
File: graphics.cfg 2007/01/18 v1.5 graphics configuration of teTeX/TeXLive
)
Package graphics Info: Driver file: pdftex.def on input line 94.

("C:\Program Files (x86)\MiKTeX 2.9\tex\latex\pdftex-def\pdftex.def"
File: pdftex.def 2011/05/27 v0.06d Graphics/color for pdfTeX

("C:\Program Files (x86)\MiKTeX 2.9\tex\generic\oberdiek\infwarerr.sty"
Package: infwarerr 2010/04/08 v1.3 Providing info/warning/error messages (HO)
)
("C:\Program Files (x86)\MiKTeX 2.9\tex\generic\oberdiek\ltxcmds.sty"
Package: ltxcmds 2011/11/09 v1.22 LaTeX kernel commands for general use (HO)
)
\Gread@gobject=\count86
))
\Gin@req@height=\dimen103
\Gin@req@width=\dimen104
)
("C:\Program Files (x86)\MiKTeX 2.9\tex\latex\hyperref\hyperref.sty"
Package: hyperref 2012/11/06 v6.83m Hypertext links for LaTeX

("C:\Program Files (x86)\MiKTeX 2.9\tex\generic\oberdiek\hobsub-hyperref.sty"
Package: hobsub-hyperref 2012/04/25 v1.12 Bundle oberdiek, subset hyperref (HO)


("C:\Program Files (x86)\MiKTeX 2.9\tex\generic\oberdiek\hobsub-generic.sty"
Package: hobsub-generic 2012/04/25 v1.12 Bundle oberdiek, subset generic (HO)
Package: hobsub 2012/04/25 v1.12 Construct package bundles (HO)
Package hobsub Info: Skipping package `infwarerr' (already loaded).
Package hobsub Info: Skipping package `ltxcmds' (already loaded).
Package: ifluatex 2010/03/01 v1.3 Provides the ifluatex switch (HO)
Package ifluatex Info: LuaTeX not detected.
Package: ifvtex 2010/03/01 v1.5 Detect VTeX and its facilities (HO)
Package ifvtex Info: VTeX not detected.
Package: intcalc 2007/09/27 v1.1 Expandable calculations with integers (HO)
Package hobsub Info: Skipping package `ifpdf' (already loaded).
Package: etexcmds 2011/02/16 v1.5 Avoid name clashes with e-TeX commands (HO)
Package etexcmds Info: Could not find \expanded.
(etexcmds)             That can mean that you are not using pdfTeX 1.50 or
(etexcmds)             that some package has redefined \expanded.
(etexcmds)             In the latter case, load this package earlier.
Package: kvsetkeys 2012/04/25 v1.16 Key value parser (HO)
Package: kvdefinekeys 2011/04/07 v1.3 Define keys (HO)
Package: pdftexcmds 2011/11/29 v0.20 Utility functions of pdfTeX for LuaTeX (HO
)
Package pdftexcmds Info: LuaTeX not detected.
Package pdftexcmds Info: \pdf@primitive is available.
Package pdftexcmds Info: \pdf@ifprimitive is available.
Package pdftexcmds Info: \pdfdraftmode found.
Package: pdfescape 2011/11/25 v1.13 Implements pdfTeX's escape features (HO)
Package: bigintcalc 2012/04/08 v1.3 Expandable calculations on big integers (HO
)
Package: bitset 2011/01/30 v1.1 Handle bit-vector datatype (HO)
Package: uniquecounter 2011/01/30 v1.2 Provide unlimited unique counter (HO)
)
Package hobsub Info: Skipping package `hobsub' (already loaded).
Package: letltxmacro 2010/09/02 v1.4 Let assignment for LaTeX macros (HO)
Package: hopatch 2011/06/24 v1.1 Wrapper for package hooks (HO)
Package: xcolor-patch 2011/01/30 xcolor patch
Package: atveryend 2011/06/30 v1.8 Hooks at the very end of document (HO)
Package atveryend Info: \enddocument detected (standard20110627).
Package: atbegshi 2011/10/05 v1.16 At begin shipout hook (HO)
Package: refcount 2011/10/16 v3.4 Data extraction from label references (HO)
Package: hycolor 2011/01/30 v1.7 Color options for hyperref/bookmark (HO)
)
("C:\Program Files (x86)\MiKTeX 2.9\tex\generic\ifxetex\ifxetex.sty"
Package: ifxetex 2010/09/12 v0.6 Provides ifxetex conditional
)
("C:\Program Files (x86)\MiKTeX 2.9\tex\latex\oberdiek\auxhook.sty"
Package: auxhook 2011/03/04 v1.3 Hooks for auxiliary files (HO)
)
("C:\Program Files (x86)\MiKTeX 2.9\tex\latex\oberdiek\kvoptions.sty"
Package: kvoptions 2011/06/30 v3.11 Key value format for package options (HO)
)
\@linkdim=\dimen105
\Hy@linkcounter=\count87
\Hy@pagecounter=\count88

("C:\Program Files (x86)\MiKTeX 2.9\tex\latex\hyperref\pd1enc.def"
File: pd1enc.def 2012/11/06 v6.83m Hyperref: PDFDocEncoding definition (HO)
)
\Hy@SavedSpaceFactor=\count89

("C:\Program Files (x86)\MiKTeX 2.9\tex\latex\00miktex\hyperref.cfg"
File: hyperref.cfg 2002/06/06 v1.2 hyperref configuration of TeXLive
)

Package hyperref Warning: Option `a4paper' is no longer used.

Package hyperref Info: Option `colorlinks' set `true' on input line 4319.
Package hyperref Info: Hyper figures OFF on input line 4443.
Package hyperref Info: Link nesting OFF on input line 4448.
Package hyperref Info: Hyper index ON on input line 4451.
Package hyperref Info: Plain pages OFF on input line 4458.
Package hyperref Info: Backreferencing OFF on input line 4463.
Package hyperref Info: Implicit mode ON; LaTeX internals redefined.
Package hyperref Info: Bookmarks ON on input line 4688.
\c@Hy@tempcnt=\count90
("C:\Program Files (x86)\MiKTeX 2.9\tex\latex\url\url.sty"
\Urlmuskip=\muskip10
Package: url 2013/09/16  ver 3.4  Verb mode for urls, etc.
)
LaTeX Info: Redefining \url on input line 5041.
\XeTeXLinkMargin=\dimen106
\Fld@menulength=\count91
\Field@Width=\dimen107
\Fld@charsize=\dimen108
Package hyperref Info: Hyper figures OFF on input line 6295.
Package hyperref Info: Link nesting OFF on input line 6300.
Package hyperref Info: Hyper index ON on input line 6303.
Package hyperref Info: backreferencing OFF on input line 6310.
Package hyperref Info: Link coloring ON on input line 6313.
Package hyperref Info: Link coloring with OCG OFF on input line 6320.
Package hyperref Info: PDF/A mode OFF on input line 6325.
LaTeX Info: Redefining \ref on input line 6365.
LaTeX Info: Redefining \pageref on input line 6369.
\Hy@abspage=\count92
\c@Item=\count93
\c@Hfootnote=\count94
)

Package hyperref Message: Driver (autodetected): hpdftex.

("C:\Program Files (x86)\MiKTeX 2.9\tex\latex\hyperref\hpdftex.def"
File: hpdftex.def 2012/11/06 v6.83m Hyperref driver for pdfTeX
\Fld@listcount=\count95
\c@bookmark@seq@number=\count96

("C:\Program Files (x86)\MiKTeX 2.9\tex\latex\oberdiek\rerunfilecheck.sty"
Package: rerunfilecheck 2011/04/15 v1.7 Rerun checks for auxiliary files (HO)
Package uniquecounter Info: New unique counter `rerunfilecheck' on input line 2
82.
)
\Hy@SectionHShift=\skip42
)
("C:\Program Files (x86)\MiKTeX 2.9\tex\latex\tools\xspace.sty"
Package: xspace 2014/10/28 v1.13 Space after command names (DPC,MH)
)
("C:\Program Files (x86)\MiKTeX 2.9\tex\latex\natbib\natbib.sty"
Package: natbib 2010/09/13 8.31b (PWD, AO)
\bibhang=\skip43
\bibsep=\skip44
LaTeX Info: Redefining \cite on input line 694.
\c@NAT@ctr=\count97
)
("C:\Program Files (x86)\MiKTeX 2.9\tex\latex\preprint\balance.sty"
Package: balance 1999/02/23 4.3 (PWD)
\oldvsize=\dimen109
)
("C:\Program Files (x86)\MiKTeX 2.9\tex\generic\misc\texnames.sty"
This is texnames.sty, Version 1.09 <16 March 1993>
)
\c@thrm=\count98
)

LaTeX Warning: Unused global option(s):
    [onecolumn].

(MainDocument.aux)
LaTeX Font Info:    Checking defaults for OML/cmm/m/it on input line 22.
LaTeX Font Info:    ... okay on input line 22.
LaTeX Font Info:    Checking defaults for T1/cmr/m/n on input line 22.
LaTeX Font Info:    ... okay on input line 22.
LaTeX Font Info:    Checking defaults for OT1/cmr/m/n on input line 22.
LaTeX Font Info:    ... okay on input line 22.
LaTeX Font Info:    Checking defaults for OMS/cmsy/m/n on input line 22.
LaTeX Font Info:    ... okay on input line 22.
LaTeX Font Info:    Checking defaults for OMX/cmex/m/n on input line 22.
LaTeX Font Info:    ... okay on input line 22.
LaTeX Font Info:    Checking defaults for U/cmr/m/n on input line 22.
LaTeX Font Info:    ... okay on input line 22.
LaTeX Font Info:    Checking defaults for PD1/pdf/m/n on input line 22.
LaTeX Font Info:    ... okay on input line 22.

("C:\Program Files (x86)\MiKTeX 2.9\tex\context\base\supp-pdf.mkii"
[Loading MPS to PDF converter (version 2006.09.02).]
\scratchcounter=\count99
\scratchdimen=\dimen110
\scratchbox=\box26
\nofMPsegments=\count100
\nofMParguments=\count101
\everyMPshowfont=\toks15
\MPscratchCnt=\count102
\MPscratchDim=\dimen111
\MPnumerator=\count103
\makeMPintoPDFobject=\count104
\everyMPtoPDFconversion=\toks16
)
\AtBeginShipoutBox=\box27


Package hyperref Warning: Height of page (\paperheight) is invalid (0.0pt),
(hyperref)                using 11in.

("C:\Program Files (x86)\MiKTeX 2.9\tex\latex\graphics\color.sty"
Package: color 2014/10/28 v1.1a Standard LaTeX Color (DPC)

("C:\Program Files (x86)\MiKTeX 2.9\tex\latex\00miktex\color.cfg"
File: color.cfg 2007/01/18 v1.5 color configuration of teTeX/TeXLive
)
Package color Info: Driver file: pdftex.def on input line 142.
)
Package hyperref Info: Link coloring ON on input line 22.

("C:\Program Files (x86)\MiKTeX 2.9\tex\latex\hyperref\nameref.sty"
Package: nameref 2012/10/27 v2.43 Cross-referencing by name of section

("C:\Program Files (x86)\MiKTeX 2.9\tex\generic\oberdiek\gettitlestring.sty"
Package: gettitlestring 2010/12/03 v1.4 Cleanup title references (HO)
)
\c@section@level=\count105
)
LaTeX Info: Redefining \ref on input line 22.
LaTeX Info: Redefining \pageref on input line 22.
LaTeX Info: Redefining \nameref on input line 22.

(MainDocument.out) (MainDocument.out)
\@outlinefile=\write3
LaTeX Font Info:    External font `cmex10' loaded for size
(Font)              <8> on input line 29.
LaTeX Font Info:    External font `cmex10' loaded for size
(Font)              <6> on input line 29.
LaTeX Font Info:    External font `cmex10' loaded for size
(Font)              <5> on input line 29.
LaTeX Font Info:    External font `cmex10' loaded for size
(Font)              <12> on input line 40.

<Wits-logo1.jpg, id=171, 379.6584pt x 373.395pt>
File: Wits-logo1.jpg Graphic file (type jpg)
 <use Wits-logo1.jpg>
Package pdftex.def Info: Wits-logo1.jpg used on input line 54.
(pdftex.def)             Requested size: 265.75906pt x 261.37471pt.
 [0{C:/Users/Sanele Gcaba/AppData/Local/MiKTeX/2.9/pdftex/config/pdftex.map} <.
/Wits-logo1.jpg>] (MainDocument.toc
LaTeX Font Info:    External font `cmex10' loaded for size
(Font)              <7> on input line 2.
 [1])
\tf@toc=\write4
 [2]
Underfull \hbox (badness 10000) in paragraph at lines 92--92
[]\OT1/cmr/m/n/10 M.$ $Khosa, S.$ $Gcaba,
 []


Underfull \hbox (badness 10000) in paragraph at lines 93--93
[]\OT1/cmr/m/n/10 M.$ $Khosa, S.$ $Gcaba,
 []


Underfull \hbox (badness 10000) in paragraph at lines 93--93
[]\OT1/cmr/m/n/10 Final Doc-u-men-ta-tion with
 []


Underfull \hbox (badness 10000) in paragraph at lines 93--93
\OT1/cmr/m/n/10 edited re-quire-ments as per
 []

[3] <stakeholders.png, id=240, 643.6547pt x 354.57469pt>
File: stakeholders.png Graphic file (type png)

<use stakeholders.png>
Package pdftex.def Info: stakeholders.png used on input line 124.
(pdftex.def)             Requested size: 450.5552pt x 248.20059pt.


LaTeX Warning: `h' float specifier changed to `ht'.

[1] [2 <./stakeholders.png>] [3

]
Underfull \hbox (badness 10000) in paragraph at lines 210--211

 []

<Two-Tier.jpg, id=268, 483.30562pt x 286.82156pt>
File: Two-Tier.jpg Graphic file (type jpg)
 <use Two-Tier.jpg>
Package pdftex.def Info: Two-Tier.jpg used on input line 245.
(pdftex.def)             Requested size: 284.52756pt x 168.85999pt.


LaTeX Warning: `h' float specifier changed to `ht'.

[4] <ER1.png, id=278, 578.91281pt x 351.56343pt>
File: ER1.png Graphic file (type png)
 <use ER1.png>
Package pdftex.def Info: ER1.png used on input line 266.
(pdftex.def)             Requested size: 284.52756pt x 172.78793pt.

<ER2.png, id=279, 582.67688pt x 246.1697pt>
File: ER2.png Graphic file (type png)
 <use ER2.png>
Package pdftex.def Info: ER2.png used on input line 274.
(pdftex.def)             Requested size: 284.52756pt x 120.21101pt.


LaTeX Warning: `h' float specifier changed to `ht'.

[5 <./Two-Tier.jpg> <./ER1.png>] <ER3.png, id=286, 479.54156pt x 252.945pt>
File: ER3.png Graphic file (type png)

<use ER3.png>
Package pdftex.def Info: ER3.png used on input line 284.
(pdftex.def)             Requested size: 284.52756pt x 150.08151pt.
 [6 <./ER2.png> <./ER3.png>] (Front-End.tex [7] [8]
<StudentUsecase.png, id=301, 481.8pt x 287.57437pt>
File: StudentUsecase.png Graphic file (type png)
 <use StudentUsecase.png>
Package pdftex.def Info: StudentUsecase.png used on input line 91.
(pdftex.def)             Requested size: 529.98163pt x 316.33278pt.

Overfull \hbox (46.28479pt too wide) in paragraph at lines 91--92
 [][] 
 []


Underfull \hbox (badness 4981) in paragraph at lines 105--105
[]\OT1/cmr/m/n/10 View per-for-mance
 []

[9 <./StudentUsecase.png>]
<CourseCoordinatorUsecase.png, id=311, 580.41844pt x 252.19218pt>
File: CourseCoordinatorUsecase.png Graphic file (type png)

<use CourseCoordinatorUsecase.png>
Package pdftex.def Info: CourseCoordinatorUsecase.png used on input line 117.
(pdftex.def)             Requested size: 493.358pt x 214.36435pt.

Overfull \hbox (9.66116pt too wide) in paragraph at lines 117--118
 [][] 
 []


Underfull \hbox (badness 10000) in paragraph at lines 131--131
[]\OT1/cmr/m/n/10 Display ta-ble of
 []


Underfull \hbox (badness 10000) in paragraph at lines 133--133
[]\OT1/cmr/m/n/10 Generate stat-i-cal
 []


Underfull \hbox (badness 10000) in paragraph at lines 134--134
[]\OT1/cmr/m/n/10 Enter stu-dent
 []

[10

 <./CourseCoordinatorUsecase.png>]
<AdminUsecase.png, id=320, 535.2497pt x 345.54094pt>
File: AdminUsecase.png Graphic file (type png)
 <use AdminUsecase.png>
Package pdftex.def Info: AdminUsecase.png used on input line 151.
(pdftex.def)             Requested size: 454.96439pt x 293.71117pt.

Underfull \hbox (badness 6428) in paragraph at lines 163--163
[]\OT1/cmr/m/n/10 Check record of-
 []


Underfull \hbox (badness 1540) in paragraph at lines 164--164
\OT1/cmr/m/n/10 tive charts of as-
 []


Underfull \hbox (badness 10000) in paragraph at lines 166--166
[]\OT1/cmr/m/n/10 Display ta-ble of
 []


Underfull \hbox (badness 10000) in paragraph at lines 168--168
[]\OT1/cmr/m/n/10 Generate stat-i-cal
 []


Underfull \hbox (badness 10000) in paragraph at lines 169--169
[]\OT1/cmr/m/n/10 Compare per-for-
 []


Underfull \hbox (badness 10000) in paragraph at lines 169--169
\OT1/cmr/m/n/10 mances across
 []

[11

 <./AdminUsecase.png>]
<StudentSequence.png, id=329, 355.3275pt x 379.4175pt>
File: StudentSequence.png Graphic file (type png)

<use StudentSequence.png>
Package pdftex.def Info: StudentSequence.png used on input line 187.
(pdftex.def)             Requested size: 461.92567pt x 493.24269pt.
 [12 <./StudentSequence.png>]
<AdministratorSequence.png, id=338, 313.17pt x 455.45157pt>
File: AdministratorSequence.png Graphic file (type png)

<use AdministratorSequence.png>
Package pdftex.def Info: AdministratorSequence.png used on input line 200.
(pdftex.def)             Requested size: 344.48805pt x 500.99828pt.
 [13 <./AdministratorSequence.png>]
<CoordinatorSequence.png, id=347, 268.75406pt x 450.9347pt>
File: CoordinatorSequence.png Graphic file (type png)

<use CoordinatorSequence.png>
Package pdftex.def Info: CoordinatorSequence.png used on input line 212.
(pdftex.def)             Requested size: 295.63037pt x 496.0297pt.
) [14 <./CoordinatorSequence.png>] (Back-End.tex
Underfull \hbox (badness 10000) in paragraph at lines 18--19

 []

[15] <Users.png, id=369, 422.57875pt x 311.1625pt>
File: Users.png Graphic file (type png)
 <use Users.png>
Package pdftex.def Info: Users.png used on input line 29.
(pdftex.def)             Requested size: 284.52756pt x 209.51285pt.

<OverallDesign.png, id=370, 810.77907pt x 454.69875pt>
File: OverallDesign.png Graphic file (type png)
 <use OverallDesign.png>
Package pdftex.def Info: OverallDesign.png used on input line 41.
(pdftex.def)             Requested size: 398.33858pt x 223.40102pt.

[16

 <./Users.png> <./OverallDesign.png>]
<Students.png, id=378, 473.77pt x 261.97874pt>
File: Students.png Graphic file (type png)
 <use Students.png>
Package pdftex.def Info: Students.png used on input line 54.
(pdftex.def)             Requested size: 284.52756pt x 157.33636pt.

<descriptionAndRegistar.png, id=379, 480.79625pt x 358.33875pt>
File: descriptionAndRegistar.png Graphic file (type png)

<use descriptionAndRegistar.png>
Package pdftex.def Info: descriptionAndRegistar.png used on input line 69.
(pdftex.def)             Requested size: 227.62204pt x 169.64949pt.
 [17

 <./Students.png> <./descriptionAndRegistar.png>] <Staff.png, id=386, 483.8075p
t x 359.3425pt>
File: Staff.png Graphic file (type png)
 <use Staff.png>
Package pdftex.def Info: Staff.png used on input line 81.
(pdftex.def)             Requested size: 227.62204pt x 169.06645pt.

<marks.png, id=387, 344.03531pt x 208.52907pt>
File: marks.png Graphic file (type png)
 <use marks.png>
Package pdftex.def Info: marks.png used on input line 96.
(pdftex.def)             Requested size: 227.62204pt x 137.96687pt.
 [18

 <./Staff.png> <./marks.png>] <Login_activity.png, id=395, 475.7775pt x 645.411
25pt>
File: Login_activity.png Graphic file (type png)

<use Login_activity.png>
Package pdftex.def Info: Login_activity.png used on input line 124.
(pdftex.def)             Requested size: 227.62204pt x 308.77953pt.
 [19 <./Login_activity.png>])
<gantt1.png, id=409, 1028.34187pt x 578.16pt>
File: gantt1.png Graphic file (type png)
 <use gantt1.png>
Package pdftex.def Info: gantt1.png used on input line 399.
(pdftex.def)             Requested size: 365.40216pt x 170.30693pt.


LaTeX Warning: `h' float specifier changed to `ht'.

[20] <gantt2.png, id=417, 1028.34187pt x 578.16pt>
File: gantt2.png Graphic file (type png)
 <use gantt2.png>
Package pdftex.def Info: gantt2.png used on input line 408.
(pdftex.def)             Requested size: 365.40216pt x 203.31216pt.

<gantt3.png, id=419, 1023.825pt x 412.54124pt>
File: gantt3.png Graphic file (type png)
 <use gantt3.png>
Package pdftex.def Info: gantt3.png used on input line 417.
(pdftex.def)             Requested size: 362.78236pt x 57.74539pt.

<product_backlog.png, id=421, 535.2497pt x 293.59688pt>
File: product_backlog.png Graphic file (type png)

<use product_backlog.png>
Package pdftex.def Info: product_backlog.png used on input line 427.
(pdftex.def)             Requested size: 535.24838pt x 293.59615pt.

Overfull \hbox (51.55154pt too wide) in paragraph at lines 427--428
 [][] 
 []


LaTeX Warning: `h' float specifier changed to `ht'.

[21 <./gantt1.png> <./gantt2.png> <./gantt3.png>] [22 <./product_backlog.png>]
Underfull \hbox (badness 10000) in paragraph at lines 433--434

 []


Underfull \hbox (badness 2495) in paragraph at lines 442--442
\OT1/cmr/m/n/10 fec-tive but took longer
 []

<burndown1.png, id=440, 1023.825pt x 509.65407pt>
File: burndown1.png Graphic file (type png)
 <use burndown1.png>
Package pdftex.def Info: burndown1.png used on input line 453.
(pdftex.def)             Requested size: 159.0024pt x 356.7554pt.

<burndown.png, id=442, 1028.34187pt x 578.16pt>
File: burndown.png Graphic file (type png)
 <use burndown.png>
Package pdftex.def Info: burndown.png used on input line 461.
(pdftex.def)             Requested size: 317.02222pt x 208.27368pt.


LaTeX Warning: `h' float specifier changed to `ht'.

[23 <./burndown1.png>] [24 <./burndown.png>]
<loginPage.png, id=456, 1028.34187pt x 578.16pt>
File: loginPage.png Graphic file (type png)
 <use loginPage.png>
Package pdftex.def Info: loginPage.png used on input line 475.
(pdftex.def)             Requested size: 514.16968pt x 289.07928pt.

Overfull \hbox (30.47284pt too wide) in paragraph at lines 475--476
 [][] 
 []

[25

 <./loginPage.png>] <studentPage.png, id=464, 1028.34187pt x 531.48563pt>
File: studentPage.png Graphic file (type png)

<use studentPage.png>
Package pdftex.def Info: studentPage.png used on input line 488.
(pdftex.def)             Requested size: 514.16968pt x 265.74216pt.

Overfull \hbox (30.47284pt too wide) in paragraph at lines 488--489
 [][] 
 []

[26 <./studentPage.png>] <StudentMarks.png, id=473, 446.41782pt x 252.945pt>
File: StudentMarks.png Graphic file (type png)

<use StudentMarks.png>
Package pdftex.def Info: StudentMarks.png used on input line 501.
(pdftex.def)             Requested size: 446.41672pt x 252.94438pt.
 [27 <./StudentMarks.png>]
<CourseCoordinatorPage.png, id=483, 1028.34187pt x 502.87875pt>
File: CourseCoordinatorPage.png Graphic file (type png)

<use CourseCoordinatorPage.png>
Package pdftex.def Info: CourseCoordinatorPage.png used on input line 514.
(pdftex.def)             Requested size: 514.16968pt x 251.43875pt.

Overfull \hbox (30.47284pt too wide) in paragraph at lines 514--515
 [][] 
 []

<RegisteringAcourse.png, id=485, 447.92343pt x 253.69781pt>
File: RegisteringAcourse.png Graphic file (type png)

<use RegisteringAcourse.png>
Package pdftex.def Info: RegisteringAcourse.png used on input line 525.
(pdftex.def)             Requested size: 447.92233pt x 253.69719pt.


LaTeX Warning: `h' float specifier changed to `ht'.

[28 <./CourseCoordinatorPage.png>]
<AdminPage.png, id=494, 1028.34187pt x 530.73282pt>
File: AdminPage.png Graphic file (type png)
 <use AdminPage.png>
Package pdftex.def Info: AdminPage.png used on input line 540.
(pdftex.def)             Requested size: 514.16968pt x 265.36575pt.

Overfull \hbox (30.47284pt too wide) in paragraph at lines 540--541
 [][] 
 []


LaTeX Warning: `h' float specifier changed to `ht'.

<RegisteringStudents.png, id=496, 423.08063pt x 248.42813pt>
File: RegisteringStudents.png Graphic file (type png)

<use RegisteringStudents.png>
Package pdftex.def Info: RegisteringStudents.png used on input line 551.
(pdftex.def)             Requested size: 423.07959pt x 248.42752pt.


LaTeX Warning: `h' float specifier changed to `ht'.

[29 <./RegisteringAcourse.png>] [30 <./AdminPage.png> <./RegisteringStudents.pn
g>] [31

] (MainDocument.bbl
Underfull \hbox (badness 1708) in paragraph at lines 15--19
[]\OT1/cmr/m/n/10 VERSIONONE.  ``Un-der-stand-ing Scrum Project Man-age-ment.''
  [][]$\OT1/cmtt/m/n/10 https : / / www . versionone . com /$
 []


Underfull \hbox (badness 10000) in paragraph at lines 49--54
[]\OT1/cmr/m/n/10 techopedia.  ``Two-Tier Ar-chi-tec-ture.''  [][]$\OT1/cmtt/m/
n/10 https : / / www . techopedia . com / definition / 467 /$
 []

)
Package atveryend Info: Empty hook `BeforeClearDocument' on input line 571.
 [32]
Package atveryend Info: Empty hook `AfterLastShipout' on input line 571.
 (MainDocument.aux)
Package atveryend Info: Executing hook `AtVeryEndDocument' on input line 571.
Package atveryend Info: Executing hook `AtEndAfterFileList' on input line 571.


Package rerunfilecheck Warning: File `MainDocument.out' has changed.
(rerunfilecheck)                Rerun to get outlines right
(rerunfilecheck)                or use package `bookmark'.

Package rerunfilecheck Info: Checksums for `MainDocument.out':
(rerunfilecheck)             Before: 27827AF08E455FB1D54B347E5771A3C4;2889
(rerunfilecheck)             After:  EACD3EB7B4833308B951572E2D25044B;3109.
Package atveryend Info: Empty hook `AtVeryVeryEnd' on input line 571.
 )
(\end occurred when \ifx on line 552 was incomplete)
(\end occurred when \ifx on line 541 was incomplete)
(\end occurred when \ifx on line 526 was incomplete)
(\end occurred when \ifx on line 515 was incomplete)
(\end occurred when \ifx on line 502 was incomplete)
(\end occurred when \ifx on line 489 was incomplete)
(\end occurred when \ifx on line 476 was incomplete)
(\end occurred when \ifx on line 462 was incomplete)
(\end occurred when \ifx on line 454 was incomplete)
(\end occurred when \ifx on line 428 was incomplete)
(\end occurred when \ifx on line 418 was incomplete)
(\end occurred when \ifx on line 409 was incomplete)
(\end occurred when \ifx on line 400 was incomplete)
(\end occurred when \ifx on line 125 was incomplete)
(\end occurred when \ifx on line 97 was incomplete)
(\end occurred when \ifx on line 82 was incomplete)
(\end occurred when \ifx on line 70 was incomplete)
(\end occurred when \ifx on line 55 was incomplete)
(\end occurred when \ifx on line 42 was incomplete)
(\end occurred when \ifx on line 30 was incomplete)
(\end occurred when \ifx on line 213 was incomplete)
(\end occurred when \ifx on line 201 was incomplete)
(\end occurred when \ifx on line 188 was incomplete)
(\end occurred when \ifx on line 152 was incomplete)
(\end occurred when \ifx on line 118 was incomplete)
(\end occurred when \ifx on line 92 was incomplete)
(\end occurred when \ifx on line 285 was incomplete)
(\end occurred when \ifx on line 275 was incomplete)
(\end occurred when \ifx on line 267 was incomplete)
(\end occurred when \ifx on line 246 was incomplete)
(\end occurred when \ifx on line 125 was incomplete) 
Here is how much of TeX's memory you used:
 6038 strings out of 493673
 87979 string characters out of 3141508
 171128 words of memory out of 3000000
 9140 multiletter control sequences out of 15000+200000
 27204 words of font info for 99 fonts, out of 3000000 for 9000
 1025 hyphenation exceptions out of 8191
 36i,9n,30p,1410b,413s stack positions out of 5000i,500n,10000p,200000b,50000s
{C:/Program Files (x86)/MiK
TeX 2.9/fonts/enc/dvips/fontname/8r.enc}<C:/Program Files (x86)/MiKTeX 2.9/font
s/type1/public/amsfonts/cm/cmbx10.pfb><C:/Program Files (x86)/MiKTeX 2.9/fonts/
type1/public/amsfonts/cm/cmbx12.pfb><C:/Program Files (x86)/MiKTeX 2.9/fonts/ty
pe1/public/amsfonts/cm/cmcsc10.pfb><C:/Program Files (x86)/MiKTeX 2.9/fonts/typ
e1/public/amsfonts/cm/cmr10.pfb><C:/Program Files (x86)/MiKTeX 2.9/fonts/type1/
public/amsfonts/cm/cmr12.pfb><C:/Program Files (x86)/MiKTeX 2.9/fonts/type1/pub
lic/amsfonts/cm/cmr8.pfb><C:/Program Files (x86)/MiKTeX 2.9/fonts/type1/public/
amsfonts/cm/cmsl10.pfb><C:/Program Files (x86)/MiKTeX 2.9/fonts/type1/public/am
sfonts/cm/cmsy7.pfb><C:/Program Files (x86)/MiKTeX 2.9/fonts/type1/public/amsfo
nts/cm/cmti10.pfb><C:/Program Files (x86)/MiKTeX 2.9/fonts/type1/public/amsfont
s/cm/cmtt10.pfb><C:/Program Files (x86)/MiKTeX 2.9/fonts/type1/urw/times/utmb8a
.pfb>
Output written on MainDocument.pdf (36 pages, 2442909 bytes).
PDF statistics:
 610 PDF objects out of 1000 (max. 8388607)
 128 named destinations out of 1000 (max. 500000)
 611 words of extra memory for PDF output out of 10000 (max. 10000000)

