\BOOKMARK [1][-]{section.1}{Introduction \(Sanele Gcaba\)}{}% 1
\BOOKMARK [2][-]{subsection.1.1}{Methodology}{section.1}% 2
\BOOKMARK [2][-]{subsection.1.2}{Purpose}{section.1}% 3
\BOOKMARK [2][-]{subsection.1.3}{Project Scope}{section.1}% 4
\BOOKMARK [2][-]{subsection.1.4}{List of Definitions and abbreviations}{section.1}% 5
\BOOKMARK [3][-]{subsubsection.1.4.1}{Definitions}{subsection.1.4}% 6
\BOOKMARK [3][-]{subsubsection.1.4.2}{Abbreviations}{subsection.1.4}% 7
\BOOKMARK [2][-]{subsection.1.5}{Tools used}{section.1}% 8
\BOOKMARK [1][-]{section.2}{Expanded Description of the project}{}% 9
\BOOKMARK [2][-]{subsection.2.1}{Front-End \(Londiwe Ngema and Masana Khosa\)}{section.2}% 10
\BOOKMARK [2][-]{subsection.2.2}{Back-End \(Sanele Gcaba and Tshegofatso Misapitso\)}{section.2}% 11
\BOOKMARK [2][-]{subsection.2.3}{Constraints \(Londiwe Ngema\)}{section.2}% 12
\BOOKMARK [2][-]{subsection.2.4}{ER Diagram \(Londiwe Ngema\)}{section.2}% 13
\BOOKMARK [2][-]{subsection.2.5}{Database Design - \(T.Misapitso 600313\) }{section.2}% 14
\BOOKMARK [2][-]{subsection.2.6}{Hardware Specifications \(T. Misapitso 600313\)}{section.2}% 15
\BOOKMARK [1][-]{section.3}{Specific Requirements}{}% 16
\BOOKMARK [2][-]{subsection.3.1}{UML Activity Diagram}{section.3}% 17
\BOOKMARK [2][-]{subsection.3.2}{Use Case Reports \(Masana Khosa\)}{section.3}% 18
\BOOKMARK [3][-]{subsubsection.3.2.1}{Student Use-Case Report}{subsection.3.2}% 19
\BOOKMARK [3][-]{subsubsection.3.2.2}{Staff Use-Case Report}{subsection.3.2}% 20
\BOOKMARK [3][-]{subsubsection.3.2.3}{Administrator Use-Case Report}{subsection.3.2}% 21
\BOOKMARK [1][-]{section.4}{Sequence Diagram}{}% 22
